<?xml version="1.0" encoding="UTF-8"?>
<testsuite name="JsonDatabaseTest" tests="1" skipped="0" failures="0" errors="0" timestamp="2022-07-11T10:38:09" hostname="C12239" time="0.411">
  <properties/>
  <testcase name="start" classname="JsonDatabaseTest" time="0.411"/>
  <system-out><![CDATA[?[1;31m
Start test 1?[0m
Server started!
/Users/tkurczaba/Documents/JSON Database/JSON Database/task/src/server/data/db.json
Client Started!
Sent: {"type":"exit"}
Received: {"response":OK}
?[1;31m
Start test 2?[0m
?[1;31m
Start test 3?[0m
Server started!
/Users/tkurczaba/Documents/JSON Database/JSON Database/task/src/server/data/db.json
Client Started!
Sent: {"type":"set","key":"1","value":"Hello world!"}
Received: {"response":OK}
null
Client Started!
Sent: {"type":"set","key":"person","value":{"name":"Elon Musk","car":{"model":"Tesla Roadster","year":"2018"},"rocket":{"name":"Falcon 9","launches":"87"}}}

Received: {"response":OK}
null
Client Started!
Sent: {"type":"get","key":["person","name"]}

Received: {"response":OK, "value":"Elon Musk"}
null
Client Started!
Sent: {"type":"set","key":["person","rocket","launches"],"value":"88"}

Received: {"response":OK}
null
Client Started!
Sent: {"type":"get","key":["person"]}

Received: {"response":OK, "value":{"name":"Elon Musk","car":{"model":"Tesla Roadster","year":"2018"},"rocket":{"name":"Falcon 9","launches":"88"}}}
null
Client Started!
Sent: {"type":"delete","key":["person","car","year"]}

Received: {"response":OK}
null
Client Started!
Sent: {"type":"get","key":["person"]}

Received: {"response":OK, "value":{"name":"Elon Musk","car":{"model":"Tesla Roadster"},"rocket":{"name":"Falcon 9","launches":"88"}}}
null
Client Started!
Sent: {"type":"exit"}
Received: {"response":OK}
]]></system-out>
  <system-err><![CDATA[java.net.SocketException: Socket closed
	at java.base/sun.nio.ch.NioSocketImpl.endAccept(NioSocketImpl.java:689)
	at java.base/sun.nio.ch.NioSocketImpl.accept(NioSocketImpl.java:762)
	at java.base/java.net.ServerSocket.implAccept(ServerSocket.java:675)
	at java.base/java.net.ServerSocket.platformImplAccept(ServerSocket.java:641)
	at java.base/java.net.ServerSocket.implAccept(ServerSocket.java:617)
	at java.base/java.net.ServerSocket.implAccept(ServerSocket.java:574)
	at java.base/java.net.ServerSocket.accept(ServerSocket.java:532)
	at server.Main.main(Main.java:29)
	at java.base/jdk.internal.reflect.NativeMethodAccessorImpl.invoke0(Native Method)
	at java.base/jdk.internal.reflect.NativeMethodAccessorImpl.invoke(NativeMethodAccessorImpl.java:77)
	at java.base/jdk.internal.reflect.DelegatingMethodAccessorImpl.invoke(DelegatingMethodAccessorImpl.java:43)
	at java.base/java.lang.reflect.Method.invoke(Method.java:568)
	at org.hyperskill.hstest.testing.execution.MainMethodExecutor.invokeMain(MainMethodExecutor.java:172)
	at org.hyperskill.hstest.testing.execution.MainMethodExecutor.lambda$launch$0(MainMethodExecutor.java:199)
	at java.base/java.util.concurrent.Executors$RunnableAdapter.call(Executors.java:539)
	at java.base/java.util.concurrent.FutureTask.run(FutureTask.java:264)
	at java.base/java.util.concurrent.ThreadPoolExecutor.runWorker(ThreadPoolExecutor.java:1136)
	at java.base/java.util.concurrent.ThreadPoolExecutor$Worker.run(ThreadPoolExecutor.java:635)
	at java.base/java.lang.Thread.run(Thread.java:833)
java.net.SocketException: Socket closed
	at java.base/sun.nio.ch.NioSocketImpl.endAccept(NioSocketImpl.java:689)
	at java.base/sun.nio.ch.NioSocketImpl.accept(NioSocketImpl.java:762)
	at java.base/java.net.ServerSocket.implAccept(ServerSocket.java:675)
	at java.base/java.net.ServerSocket.platformImplAccept(ServerSocket.java:641)
	at java.base/java.net.ServerSocket.implAccept(ServerSocket.java:617)
	at java.base/java.net.ServerSocket.implAccept(ServerSocket.java:574)
	at java.base/java.net.ServerSocket.accept(ServerSocket.java:532)
	at server.Main.main(Main.java:29)
	at java.base/jdk.internal.reflect.NativeMethodAccessorImpl.invoke0(Native Method)
	at java.base/jdk.internal.reflect.NativeMethodAccessorImpl.invoke(NativeMethodAccessorImpl.java:77)
	at java.base/jdk.internal.reflect.DelegatingMethodAccessorImpl.invoke(DelegatingMethodAccessorImpl.java:43)
	at java.base/java.lang.reflect.Method.invoke(Method.java:568)
	at org.hyperskill.hstest.testing.execution.MainMethodExecutor.invokeMain(MainMethodExecutor.java:172)
	at org.hyperskill.hstest.testing.execution.MainMethodExecutor.lambda$launch$0(MainMethodExecutor.java:199)
	at java.base/java.util.concurrent.Executors$RunnableAdapter.call(Executors.java:539)
	at java.base/java.util.concurrent.FutureTask.run(FutureTask.java:264)
	at java.base/java.util.concurrent.ThreadPoolExecutor.runWorker(ThreadPoolExecutor.java:1136)
	at java.base/java.util.concurrent.ThreadPoolExecutor$Worker.run(ThreadPoolExecutor.java:635)
	at java.base/java.lang.Thread.run(Thread.java:833)
]]></system-err>
</testsuite>
